\BOOKMARK [1][-]{section.1}{\376\377\000I\000n\000t\000r\000o\000d\000u\000c\000t\000i\000o\000n}{}% 1
\BOOKMARK [2][-]{subsection.1.1}{\376\377\000M\000o\000t\000i\000v\000a\000t\000i\000o\000n}{section.1}% 2
\BOOKMARK [2][-]{subsection.1.2}{\376\377\000T\000h\000e\000\040\000s\000c\000o\000p\000e\000\040\000o\000f\000\040\000a\000\040\000G\000r\000a\000p\000h\000i\000c\000s\000\040\000E\000n\000g\000i\000n\000e}{section.1}% 3
\BOOKMARK [2][-]{subsection.1.3}{\376\377\000W\000h\000y\000\040\000C\000?}{section.1}% 4
\BOOKMARK [2][-]{subsection.1.4}{\376\377\000W\000h\000a\000t\000\040\000d\000o\000e\000s\000\040\000t\000h\000e\000\040\000p\000r\000o\000j\000e\000c\000t\000\040\000d\000e\000p\000e\000n\000d\000\040\000o\000n\000?}{section.1}% 5
\BOOKMARK [1][-]{section.2}{\376\377\000S\000y\000s\000t\000e\000m\000\040\000D\000e\000s\000i\000g\000n}{}% 6
\BOOKMARK [2][-]{subsection.2.1}{\376\377\000D\000i\000a\000g\000r\000a\000m}{section.2}% 7
\BOOKMARK [2][-]{subsection.2.2}{\376\377\000O\000v\000e\000r\000v\000i\000e\000w}{section.2}% 8
\BOOKMARK [1][-]{section.3}{\376\377\0003\000D\000\040\000G\000e\000o\000m\000e\000t\000r\000y\000\040\000i\000n\000\040\000M\000e\000m\000o\000r\000y}{}% 9
\BOOKMARK [1][-]{section.4}{\376\377\000C\000o\000o\000r\000d\000i\000n\000a\000t\000e\000\040\000S\000p\000a\000c\000e\000s}{}% 10
\BOOKMARK [2][-]{subsection.4.1}{\376\377\000W\000h\000a\000t\000\040\000i\000s\000\040\000a\000\040\000C\000o\000o\000r\000d\000i\000n\000a\000t\000e\000\040\000S\000p\000a\000c\000e\000?}{section.4}% 11
\BOOKMARK [2][-]{subsection.4.2}{\376\377\000G\000a\000m\000e\000O\000b\000j\000e\000c\000t\000s\000\040\000\046\000\040\000O\000b\000j\000e\000c\000t\000\040\000S\000p\000a\000c\000e}{section.4}% 12
\BOOKMARK [2][-]{subsection.4.3}{\376\377\000S\000c\000e\000n\000e\000s\000\040\000\046\000\040\000W\000o\000r\000l\000d\000\040\000S\000p\000a\000c\000e}{section.4}% 13
\BOOKMARK [2][-]{subsection.4.4}{\376\377\000C\000a\000m\000e\000r\000a\000s\000\040\000\046\000\040\000V\000i\000e\000w\000\040\000S\000p\000a\000c\000e}{section.4}% 14
\BOOKMARK [1][-]{section.5}{\376\377\000T\000r\000a\000n\000s\000f\000o\000r\000m\000i\000n\000g\000\040\000V\000e\000r\000t\000i\000c\000e\000s}{}% 15
\BOOKMARK [2][-]{subsection.5.1}{\376\377\000M\000a\000t\000r\000i\000c\000e\000s\000\040\000a\000s\000\040\000T\000r\000a\000n\000s\000f\000o\000r\000m\000a\000t\000i\000o\000n\000s}{section.5}% 16
\BOOKMARK [2][-]{subsection.5.2}{\376\377\000D\000e\000r\000i\000v\000i\000n\000g\000\040\000t\000h\000e\000\040\000M\000o\000d\000e\000l\000\040\000M\000a\000t\000r\000i\000x}{section.5}% 17
\BOOKMARK [3][-]{subsubsection.5.2.1}{\376\377\000T\000r\000a\000n\000s\000f\000o\000r\000m\000s}{subsection.5.2}% 18
\BOOKMARK [3][-]{subsubsection.5.2.2}{\376\377\000S\000c\000a\000l\000e\000\040\000M\000a\000t\000r\000i\000x}{subsection.5.2}% 19
\BOOKMARK [3][-]{subsubsection.5.2.3}{\376\377\000R\000o\000t\000a\000t\000i\000o\000n\000\040\000M\000a\000t\000r\000i\000x}{subsection.5.2}% 20
\BOOKMARK [3][-]{subsubsection.5.2.4}{\376\377\000T\000r\000a\000n\000s\000l\000a\000t\000i\000o\000n\000\040\000M\000a\000t\000r\000i\000x}{subsection.5.2}% 21
\BOOKMARK [3][-]{subsubsection.5.2.5}{\376\377\000C\000o\000m\000b\000i\000n\000i\000n\000g\000\040\000t\000h\000e\000m\000\040\000t\000o\000g\000e\000t\000h\000e\000r}{subsection.5.2}% 22
\BOOKMARK [2][-]{subsection.5.3}{\376\377\000D\000e\000r\000i\000v\000i\000n\000g\000\040\000t\000h\000e\000\040\000V\000i\000e\000w\000\040\000M\000a\000t\000r\000i\000x}{section.5}% 23
\BOOKMARK [3][-]{subsubsection.5.3.1}{\376\377\000T\000h\000e\000\040\000M\000a\000t\000r\000i\000x\000\040\000I\000n\000v\000e\000r\000s\000e}{subsection.5.3}% 24
\BOOKMARK [3][-]{subsubsection.5.3.2}{\376\377\000I\000n\000v\000e\000r\000s\000e\000\040\000o\000f\000\040\000t\000h\000e\000\040\000M\000o\000d\000e\000l\000\040\000M\000a\000t\000r\000i\000x}{subsection.5.3}% 25
\BOOKMARK [2][-]{subsection.5.4}{\376\377\000T\000h\000e\000\040\000V\000e\000r\000t\000e\000x\000\040\000S\000h\000a\000d\000e\000r}{section.5}% 26
\BOOKMARK [2][-]{subsection.5.5}{\376\377\000P\000e\000r\000s\000p\000e\000c\000t\000i\000v\000e\000\040\000P\000r\000o\000j\000e\000c\000t\000i\000o\000n}{section.5}% 27
\BOOKMARK [3][-]{subsubsection.5.5.1}{\376\377\000W\000h\000a\000t\000\040\000i\000s\000\040\000P\000e\000r\000s\000p\000e\000c\000t\000i\000v\000e\000?}{subsection.5.5}% 28
\BOOKMARK [3][-]{subsubsection.5.5.2}{\376\377\000T\000h\000e\000\040\000V\000i\000e\000w\000\040\000F\000r\000u\000s\000t\000u\000m}{subsection.5.5}% 29
\BOOKMARK [3][-]{subsubsection.5.5.3}{\376\377\000D\000e\000r\000i\000v\000i\000n\000g\000\040\000t\000h\000e\000\040\000P\000r\000o\000j\000e\000c\000t\000i\000o\000n\000\040\000M\000a\000t\000r\000i\000x}{subsection.5.5}% 30
\BOOKMARK [3][-]{subsubsection.5.5.4}{\376\377\000P\000e\000r\000s\000p\000e\000c\000t\000i\000v\000e\000\040\000D\000i\000v\000i\000d\000e}{subsection.5.5}% 31
\BOOKMARK [2][-]{subsection.5.6}{\376\377\000D\000e\000r\000i\000v\000i\000n\000g\000\040\000T\000h\000e\000\040\000V\000i\000e\000w\000p\000o\000r\000t\000\040\000M\000a\000t\000r\000i\000x}{section.5}% 32
\BOOKMARK [2][-]{subsection.5.7}{\376\377\000C\000l\000i\000p\000p\000i\000n\000g\000\040\000\046\000\040\000T\000h\000e\000\040\000S\000u\000t\000h\000e\000r\000l\000a\000n\000d\000\040\000H\000o\000d\000g\000m\000a\000n\000\040\000A\000l\000g\000o\000r\000i\000t\000h\000m}{section.5}% 33
\BOOKMARK [1][-]{section.6}{\376\377\000D\000r\000a\000w\000i\000n\000g\000\040\000t\000o\000\040\000t\000h\000e\000\040\000s\000c\000r\000e\000e\000n}{}% 34
\BOOKMARK [2][-]{subsection.6.1}{\376\377\000W\000h\000a\000t\000\040\000i\000s\000\040\000R\000a\000s\000t\000e\000r\000i\000z\000a\000t\000i\000o\000n\000?}{section.6}% 35
\BOOKMARK [2][-]{subsection.6.2}{\376\377\000I\000n\000t\000e\000r\000p\000o\000l\000a\000t\000i\000o\000n}{section.6}% 36
\BOOKMARK [2][-]{subsection.6.3}{\376\377\000R\000a\000s\000t\000e\000r\000i\000z\000i\000n\000g\000\040\000T\000r\000i\000a\000n\000g\000l\000e\000s}{section.6}% 37
\BOOKMARK [2][-]{subsection.6.4}{\376\377\000W\000h\000a\000t\000\040\000i\000s\000\040\000a\000\040\000F\000r\000a\000g\000m\000e\000n\000t\000?}{section.6}% 38
\BOOKMARK [2][-]{subsection.6.5}{\376\377\000T\000h\000e\000\040\000F\000r\000a\000g\000m\000e\000n\000t\000\040\000S\000h\000a\000d\000e\000r}{section.6}% 39
\BOOKMARK [2][-]{subsection.6.6}{\376\377\000D\000e\000p\000t\000h\000\040\000T\000e\000s\000t\000i\000n\000g}{section.6}% 40
\BOOKMARK [2][-]{subsection.6.7}{\376\377\000T\000h\000e\000\040\000F\000r\000a\000m\000e\000b\000u\000f\000f\000e\000r\000\040\000a\000n\000d\000\040\000Z\000-\000B\000u\000f\000f\000e\000r}{section.6}% 41
\BOOKMARK [1][-]{section.7}{\376\377\000S\000h\000a\000d\000i\000n\000g}{}% 42
\BOOKMARK [2][-]{subsection.7.1}{\376\377\000S\000h\000a\000d\000e\000r\000s}{section.7}% 43
\BOOKMARK [2][-]{subsection.7.2}{\376\377\000M\000a\000t\000e\000r\000i\000a\000l\000s}{section.7}% 44
\BOOKMARK [2][-]{subsection.7.3}{\376\377\000T\000e\000x\000t\000u\000r\000e\000s}{section.7}% 45
\BOOKMARK [2][-]{subsection.7.4}{\376\377\000U\000n\000l\000i\000t\000\040\000S\000h\000a\000d\000e\000r}{section.7}% 46
\BOOKMARK [2][-]{subsection.7.5}{\376\377\000L\000i\000t\000\040\000S\000h\000a\000d\000e\000r}{section.7}% 47
\BOOKMARK [2][-]{subsection.7.6}{\376\377\000P\000h\000o\000n\000g\000\040\000S\000h\000a\000d\000e\000r}{section.7}% 48
\BOOKMARK [2][-]{subsection.7.7}{\376\377\000T\000o\000o\000n\000\040\000S\000h\000a\000d\000e\000r}{section.7}% 49
\BOOKMARK [2][-]{subsection.7.8}{\376\377\000S\000h\000a\000d\000o\000w\000s}{section.7}% 50
\BOOKMARK [2][-]{subsection.7.9}{\376\377\000A\000m\000b\000i\000e\000n\000t\000\040\000O\000c\000c\000l\000u\000s\000i\000o\000n}{section.7}% 51
\BOOKMARK [1][-]{section.8}{\376\377\000A\000p\000p\000e\000n\000d\000i\000x}{}% 52
\BOOKMARK [2][-]{subsection.8.1}{\376\377\000Q\000u\000a\000t\000e\000r\000n\000i\000o\000n\000s}{section.8}% 53
\BOOKMARK [2][-]{subsection.8.2}{\376\377\000B\000a\000r\000y\000c\000e\000n\000t\000r\000i\000c\000\040\000C\000o\000o\000r\000d\000i\000n\000a\000t\000e\000s}{section.8}% 54
